2019-04-10 11:17:58,615 - MainProcess:INFO - set_nodeids: Setting Node IDs for Node 0
2019-04-10 11:17:58,617 - MainProcess:INFO - set_nodeids: Node ID for Node 0 set to 10
2019-04-10 11:17:59,549 - MainProcess:INFO - set_nodeids: Setting Node IDs for Node 0
2019-04-10 11:17:59,549 - MainProcess:INFO - set_nodeids: Node ID for Node 0 set to 10
2019-04-10 11:18:02,814 - MainProcess:INFO - set_nodesoil: Setting Soil Moisture Level for Node 0
2019-04-10 11:18:02,814 - MainProcess:INFO - set_nodesoil: Node Soil Moisture Level for Node 0 set to 400
2019-04-10 11:18:47,970 - MainProcess:INFO - set_coords: Setting Coords for Node 0
2019-04-10 11:18:47,970 - MainProcess:INFO - set_coords: Coords for Node 0 set to 40.011234,-105.261234
2019-04-10 11:18:47,974 - MainProcess:INFO - set_coords: POINT (40.011234 -105.261234 0)
2019-04-10 11:19:38,245 - MainProcess:INFO - set_nodesoil: Setting Soil Moisture Level for Node 0
2019-04-10 11:19:38,246 - MainProcess:INFO - set_nodesoil: Node Soil Moisture Level for Node 0 set to 300
2019-04-10 11:20:47,699 - MainProcess:INFO - set_coords: Setting Coords for Node 0
2019-04-10 11:20:47,699 - MainProcess:INFO - set_coords: Coords for Node 0 set to 40.011234,-105.261234
2019-04-10 11:20:47,699 - MainProcess:INFO - set_coords: POINT (40.011234 -105.261234 0)
2019-04-10 11:20:48,900 - MainProcess:INFO - set_coords: Setting Coords for Node 0
2019-04-10 11:20:48,901 - MainProcess:INFO - set_coords: Coords for Node 0 set to 40.011234,-105.261234
2019-04-10 11:20:48,901 - MainProcess:INFO - set_coords: POINT (40.011234 -105.261234 0)
2019-04-10 11:21:00,853 - MainProcess:INFO - set_nodesoil: Setting Soil Moisture Level for Node 0
2019-04-10 11:21:00,853 - MainProcess:INFO - set_nodesoil: Node Soil Moisture Level for Node 0 set to 300
2019-04-10 11:21:02,876 - MainProcess:INFO - set_coords: Setting Coords for Node 0
2019-04-10 11:21:02,876 - MainProcess:INFO - set_coords: Coords for Node 0 set to 40.011234,-105.261234
2019-04-10 11:21:02,876 - MainProcess:INFO - set_coords: POINT (40.011234 -105.261234 0)
2019-04-10 11:21:04,235 - MainProcess:INFO - set_nodeids: Setting Node IDs for Node 0
2019-04-10 11:21:04,235 - MainProcess:INFO - set_nodeids: Node ID for Node 0 set to 10
2019-04-10 11:25:19,588 - MainProcess:INFO - set_coords: Setting Coords for Node 0
2019-04-10 11:25:19,588 - MainProcess:INFO - set_coords: Coords for Node 0 set to 40.011234,-105.261234
2019-04-10 11:25:19,588 - MainProcess:INFO - set_coords: POINT (40.011234 -105.261234 0)
2019-04-10 11:25:20,679 - MainProcess:INFO - set_nodesoil: Setting Soil Moisture Level for Node 0
2019-04-10 11:25:20,680 - MainProcess:INFO - set_nodesoil: Node Soil Moisture Level for Node 0 set to 300
2019-04-10 11:25:21,952 - MainProcess:INFO - set_nodeids: Setting Node IDs for Node 0
2019-04-10 11:25:21,953 - MainProcess:INFO - set_nodeids: Node ID for Node 0 set to 10
2019-04-10 11:27:04,689 - MainProcess:INFO - set_coords: Setting Coords for Node 0
2019-04-10 11:27:04,690 - MainProcess:INFO - set_coords: Coords for Node 0 set to 40.011234,-105.261234
2019-04-10 11:27:04,691 - MainProcess:INFO - set_coords: POINT (40.011234 -105.261234 0)
2019-04-10 11:27:05,743 - MainProcess:INFO - set_nodesoil: Setting Soil Moisture Level for Node 0
2019-04-10 11:27:05,743 - MainProcess:INFO - set_nodesoil: Node Soil Moisture Level for Node 0 set to 300
2019-04-10 11:27:06,972 - MainProcess:INFO - set_nodeids: Setting Node IDs for Node 0
2019-04-10 11:27:06,972 - MainProcess:INFO - set_nodeids: Node ID for Node 0 set to 10
2019-04-10 11:33:50,932 - MainProcess:INFO - set_nodesoil: Setting Soil Moisture Level for Node 0
2019-04-10 11:33:50,932 - MainProcess:INFO - set_nodesoil: Node Soil Moisture Level for Node 0 set to 300
2019-04-10 11:33:51,981 - MainProcess:INFO - set_nodesoil: Setting Soil Moisture Level for Node 0
2019-04-10 11:33:51,981 - MainProcess:INFO - set_nodesoil: Node Soil Moisture Level for Node 0 set to 300
2019-04-10 11:33:52,584 - MainProcess:INFO - set_coords: Setting Coords for Node 0
2019-04-10 11:33:52,584 - MainProcess:INFO - set_coords: Coords for Node 0 set to 40.011234,-105.261234
2019-04-10 11:33:52,584 - MainProcess:INFO - set_coords: POINT (40.011234 -105.261234 0)
2019-04-10 11:33:53,440 - MainProcess:INFO - set_nodeids: Setting Node IDs for Node 0
2019-04-10 11:33:53,441 - MainProcess:INFO - set_nodeids: Node ID for Node 0 set to 10
2019-04-10 11:35:51,318 - MainProcess:INFO - set_nodesoil: Setting Soil Moisture Level for Node 0
2019-04-10 11:35:51,319 - MainProcess:INFO - set_nodesoil: Node Soil Moisture Level for Node 0 set to 300
2019-04-10 11:35:52,182 - MainProcess:INFO - set_coords: Setting Coords for Node 0
2019-04-10 11:35:52,182 - MainProcess:INFO - set_coords: Coords for Node 0 set to 40.011234,-105.261234
2019-04-10 11:35:52,183 - MainProcess:INFO - set_coords: POINT (40.011234 -105.261234 0)
2019-04-10 11:35:53,052 - MainProcess:INFO - set_nodeids: Setting Node IDs for Node 0
2019-04-10 11:35:53,052 - MainProcess:INFO - set_nodeids: Node ID for Node 0 set to 10
2019-04-10 11:35:53,941 - MainProcess:INFO - set_nodesoil: Setting Soil Moisture Level for Node 0
2019-04-10 11:35:53,941 - MainProcess:INFO - set_nodesoil: Node Soil Moisture Level for Node 0 set to 300
